2015-06-24 17:52:48.243 Change My Mind[21113:939400] DiskCookieStorage changing policy from 2 to 0, cookie file: file:///Users/joshua/Library/Developer/CoreSimulator/Devices/6FB1A616-34D2-4893-8838-5BA2E07B86C5/data/Containers/Data/Application/05452526-3CC1-4387-80AB-A32D68F17627/Library/Cookies/Cookies.binarycookies
2015-06-24 17:52:48.505 Change My Mind[21113:939400] Apache Cordova native platform version 3.8.0 is starting.
2015-06-24 17:52:48.505 Change My Mind[21113:939400] Multi-tasking -> Device: YES, App: YES
2015-06-24 17:52:48.507 Change My Mind[21113:939400] Unlimited access to network resources
2015-06-24 17:52:48.510 Change My Mind[21113:939400] 

Started backup to iCloud! Please be careful.
Your application might be rejected by Apple if you store too much data.
For more information please read "iOS Data Storage Guidelines" at:
https://developer.apple.com/icloud/documentation/data-storage/
To disable web storage backup to iCloud, set the BackupWebStorage preference to "local" in the Cordova config.xml file

2015-06-24 17:52:48.904 Change My Mind[21113:939400] Resetting plugins due to page load.
2015-06-24 17:52:48.959 Change My Mind[21113:939400] Finished load of: file:///Users/joshua/Library/Developer/CoreSimulator/Devices/6FB1A616-34D2-4893-8838-5BA2E07B86C5/data/Containers/Bundle/Application/56500EED-2986-42DF-B756-26DAFC039926/Change%20My%20Mind.app/www/index.html
2015-06-24 17:52:52.559 Change My Mind[21113:939415] Terminating since there is no system app.
2015-06-24 17:56:54.441 Change My Mind[21318:943409] DiskCookieStorage changing policy from 2 to 0, cookie file: file:///Users/joshua/Library/Developer/CoreSimulator/Devices/6FB1A616-34D2-4893-8838-5BA2E07B86C5/data/Containers/Data/Application/0C805742-BB36-4BAA-B007-DD2791280A66/Library/Cookies/Cookies.binarycookies
2015-06-24 17:56:54.594 Change My Mind[21318:943409] Apache Cordova native platform version 3.8.0 is starting.
2015-06-24 17:56:54.594 Change My Mind[21318:943409] Multi-tasking -> Device: YES, App: YES
2015-06-24 17:56:54.596 Change My Mind[21318:943409] Unlimited access to network resources
2015-06-24 17:56:54.599 Change My Mind[21318:943409] 

Started backup to iCloud! Please be careful.
Your application might be rejected by Apple if you store too much data.
For more information please read "iOS Data Storage Guidelines" at:
https://developer.apple.com/icloud/documentation/data-storage/
To disable web storage backup to iCloud, set the BackupWebStorage preference to "local" in the Cordova config.xml file

2015-06-24 17:56:54.680 Change My Mind[21318:943409] [CDVTimer][file] 5.159020ms
2015-06-24 17:56:54.681 Change My Mind[21318:943409] [CDVTimer][TotalPluginStartup] 5.717993ms
2015-06-24 17:56:54.719 Change My Mind[21318:943409] Resetting plugins due to page load.
2015-06-24 17:56:54.958 Change My Mind[21318:943409] Finished load of: file:///Users/joshua/Library/Developer/CoreSimulator/Devices/6FB1A616-34D2-4893-8838-5BA2E07B86C5/data/Containers/Bundle/Application/70E9927C-731D-4C3B-B478-A989AD89C72C/Change%20My%20Mind.app/www/index.html
2015-06-24 17:57:26.099 Change My Mind[21318:943529] Terminating since there is no system app.
2015-06-24 18:01:44.311 Change My Mind[21494:947638] DiskCookieStorage changing policy from 2 to 0, cookie file: file:///Users/joshua/Library/Developer/CoreSimulator/Devices/6FB1A616-34D2-4893-8838-5BA2E07B86C5/data/Containers/Data/Application/D5459D58-2BF4-4908-A466-758E12B94EE7/Library/Cookies/Cookies.binarycookies
2015-06-24 18:01:44.413 Change My Mind[21494:947638] Apache Cordova native platform version 3.8.0 is starting.
2015-06-24 18:01:44.414 Change My Mind[21494:947638] Multi-tasking -> Device: YES, App: YES
2015-06-24 18:01:44.416 Change My Mind[21494:947638] Unlimited access to network resources
2015-06-24 18:01:44.418 Change My Mind[21494:947638] 

Started backup to iCloud! Please be careful.
Your application might be rejected by Apple if you store too much data.
For more information please read "iOS Data Storage Guidelines" at:
https://developer.apple.com/icloud/documentation/data-storage/
To disable web storage backup to iCloud, set the BackupWebStorage preference to "local" in the Cordova config.xml file

2015-06-24 18:01:44.512 Change My Mind[21494:947638] [CDVTimer][file] 2.293944ms
2015-06-24 18:01:44.512 Change My Mind[21494:947638] [CDVTimer][TotalPluginStartup] 2.471030ms
2015-06-24 18:01:44.614 Change My Mind[21494:947638] Resetting plugins due to page load.
2015-06-24 18:01:44.791 Change My Mind[21494:947638] Finished load of: file:///Users/joshua/Library/Developer/CoreSimulator/Devices/6FB1A616-34D2-4893-8838-5BA2E07B86C5/data/Containers/Bundle/Application/DBC5D8B6-BD44-4930-A41C-A3076CA9DBA7/Change%20My%20Mind.app/www/index.html
2015-06-24 18:06:20.199 Change My Mind[21672:952497] DiskCookieStorage changing policy from 2 to 0, cookie file: file:///Users/joshua/Library/Developer/CoreSimulator/Devices/6FB1A616-34D2-4893-8838-5BA2E07B86C5/data/Containers/Data/Application/2DB50F7B-BB13-4266-9570-0B0C4E1EC12F/Library/Cookies/Cookies.binarycookies
2015-06-24 18:06:20.297 Change My Mind[21672:952497] Apache Cordova native platform version 3.8.0 is starting.
2015-06-24 18:06:20.297 Change My Mind[21672:952497] Multi-tasking -> Device: YES, App: YES
2015-06-24 18:06:20.299 Change My Mind[21672:952497] Unlimited access to network resources
2015-06-24 18:06:20.302 Change My Mind[21672:952497] 

Started backup to iCloud! Please be careful.
Your application might be rejected by Apple if you store too much data.
For more information please read "iOS Data Storage Guidelines" at:
https://developer.apple.com/icloud/documentation/data-storage/
To disable web storage backup to iCloud, set the BackupWebStorage preference to "local" in the Cordova config.xml file

2015-06-24 18:06:20.395 Change My Mind[21672:952497] [CDVTimer][file] 3.445029ms
2015-06-24 18:06:20.395 Change My Mind[21672:952497] [CDVTimer][TotalPluginStartup] 3.627002ms
2015-06-24 18:06:20.444 Change My Mind[21672:952497] Resetting plugins due to page load.
2015-06-24 18:06:20.598 Change My Mind[21672:952497] Finished load of: file:///Users/joshua/Library/Developer/CoreSimulator/Devices/6FB1A616-34D2-4893-8838-5BA2E07B86C5/data/Containers/Bundle/Application/F9C168F0-EDE6-4CA7-B676-9668D62107A9/Change%20My%20Mind.app/www/index.html
2015-06-24 18:21:57.283 Change My Mind[21854:965639] DiskCookieStorage changing policy from 2 to 0, cookie file: file:///Users/joshua/Library/Developer/CoreSimulator/Devices/6FB1A616-34D2-4893-8838-5BA2E07B86C5/data/Containers/Data/Application/70BFD4CE-1B67-42B7-B868-39EFBA1CB91A/Library/Cookies/Cookies.binarycookies
2015-06-24 18:21:57.418 Change My Mind[21854:965639] Apache Cordova native platform version 3.8.0 is starting.
2015-06-24 18:21:57.418 Change My Mind[21854:965639] Multi-tasking -> Device: YES, App: YES
2015-06-24 18:21:57.420 Change My Mind[21854:965639] Unlimited access to network resources
2015-06-24 18:21:57.422 Change My Mind[21854:965639] 

Started backup to iCloud! Please be careful.
Your application might be rejected by Apple if you store too much data.
For more information please read "iOS Data Storage Guidelines" at:
https://developer.apple.com/icloud/documentation/data-storage/
To disable web storage backup to iCloud, set the BackupWebStorage preference to "local" in the Cordova config.xml file

2015-06-24 18:21:57.506 Change My Mind[21854:965639] [CDVTimer][file] 2.107024ms
2015-06-24 18:21:57.507 Change My Mind[21854:965639] [CDVTimer][TotalPluginStartup] 2.288997ms
2015-06-24 18:21:57.561 Change My Mind[21854:965639] Resetting plugins due to page load.
2015-06-24 18:21:57.725 Change My Mind[21854:965639] Finished load of: file:///Users/joshua/Library/Developer/CoreSimulator/Devices/6FB1A616-34D2-4893-8838-5BA2E07B86C5/data/Containers/Bundle/Application/81D3DA02-718C-469E-81BF-50F317456A61/Change%20My%20Mind.app/www/index.html
2015-06-24 18:22:49.053 Change My Mind[21958:967025] DiskCookieStorage changing policy from 2 to 0, cookie file: file:///Users/joshua/Library/Developer/CoreSimulator/Devices/6FB1A616-34D2-4893-8838-5BA2E07B86C5/data/Containers/Data/Application/735C4C12-EF3E-42EA-841B-87CFEF18823B/Library/Cookies/Cookies.binarycookies
2015-06-24 18:22:49.306 Change My Mind[21958:967025] Apache Cordova native platform version 3.8.0 is starting.
2015-06-24 18:22:49.307 Change My Mind[21958:967025] Multi-tasking -> Device: YES, App: YES
2015-06-24 18:22:49.310 Change My Mind[21958:967025] Unlimited access to network resources
2015-06-24 18:22:49.313 Change My Mind[21958:967025] 

Started backup to iCloud! Please be careful.
Your application might be rejected by Apple if you store too much data.
For more information please read "iOS Data Storage Guidelines" at:
https://developer.apple.com/icloud/documentation/data-storage/
To disable web storage backup to iCloud, set the BackupWebStorage preference to "local" in the Cordova config.xml file

2015-06-24 18:22:49.402 Change My Mind[21958:967025] [CDVTimer][file] 1.859963ms
2015-06-24 18:22:49.402 Change My Mind[21958:967025] [CDVTimer][TotalPluginStartup] 2.052009ms
2015-06-24 18:22:49.629 Change My Mind[21958:967025] Resetting plugins due to page load.
2015-06-24 18:22:49.781 Change My Mind[21958:967025] Finished load of: file:///Users/joshua/Library/Developer/CoreSimulator/Devices/6FB1A616-34D2-4893-8838-5BA2E07B86C5/data/Containers/Bundle/Application/08D09090-B27C-41F7-8586-8CBBB69D3265/Change%20My%20Mind.app/www/index.html
2015-06-24 18:23:11.172 Change My Mind[22061:967756] DiskCookieStorage changing policy from 2 to 0, cookie file: file:///Users/joshua/Library/Developer/CoreSimulator/Devices/6FB1A616-34D2-4893-8838-5BA2E07B86C5/data/Containers/Data/Application/BAEBBC4C-513A-4E7F-BB1B-E1B26B418DC0/Library/Cookies/Cookies.binarycookies
2015-06-24 18:23:11.462 Change My Mind[22061:967756] Apache Cordova native platform version 3.8.0 is starting.
2015-06-24 18:23:11.462 Change My Mind[22061:967756] Multi-tasking -> Device: YES, App: YES
2015-06-24 18:23:11.464 Change My Mind[22061:967756] Unlimited access to network resources
2015-06-24 18:23:11.466 Change My Mind[22061:967756] 

Started backup to iCloud! Please be careful.
Your application might be rejected by Apple if you store too much data.
For more information please read "iOS Data Storage Guidelines" at:
https://developer.apple.com/icloud/documentation/data-storage/
To disable web storage backup to iCloud, set the BackupWebStorage preference to "local" in the Cordova config.xml file

2015-06-24 18:23:11.554 Change My Mind[22061:967756] [CDVTimer][file] 1.753986ms
2015-06-24 18:23:11.554 Change My Mind[22061:967756] [CDVTimer][TotalPluginStartup] 1.923025ms
2015-06-24 18:23:11.686 Change My Mind[22061:967756] Resetting plugins due to page load.
2015-06-24 18:23:11.844 Change My Mind[22061:967756] Finished load of: file:///Users/joshua/Library/Developer/CoreSimulator/Devices/6FB1A616-34D2-4893-8838-5BA2E07B86C5/data/Containers/Bundle/Application/27CFA2B9-3ADB-40BB-93EA-137766978931/Change%20My%20Mind.app/www/index.html
2015-06-24 18:24:58.853 Change My Mind[22171:969894] DiskCookieStorage changing policy from 2 to 0, cookie file: file:///Users/joshua/Library/Developer/CoreSimulator/Devices/6FB1A616-34D2-4893-8838-5BA2E07B86C5/data/Containers/Data/Application/80735D91-E281-492E-AA7B-386DEB777FAC/Library/Cookies/Cookies.binarycookies
2015-06-24 18:24:59.036 Change My Mind[22171:969894] Apache Cordova native platform version 3.8.0 is starting.
2015-06-24 18:24:59.037 Change My Mind[22171:969894] Multi-tasking -> Device: YES, App: YES
2015-06-24 18:24:59.039 Change My Mind[22171:969894] Unlimited access to network resources
2015-06-24 18:24:59.042 Change My Mind[22171:969894] 

Started backup to iCloud! Please be careful.
Your application might be rejected by Apple if you store too much data.
For more information please read "iOS Data Storage Guidelines" at:
https://developer.apple.com/icloud/documentation/data-storage/
To disable web storage backup to iCloud, set the BackupWebStorage preference to "local" in the Cordova config.xml file

2015-06-24 18:24:59.127 Change My Mind[22171:969894] [CDVTimer][file] 1.846015ms
2015-06-24 18:24:59.127 Change My Mind[22171:969894] [CDVTimer][TotalPluginStartup] 2.026021ms
2015-06-24 18:24:59.285 Change My Mind[22171:969894] Resetting plugins due to page load.
2015-06-24 18:24:59.440 Change My Mind[22171:969894] Finished load of: file:///Users/joshua/Library/Developer/CoreSimulator/Devices/6FB1A616-34D2-4893-8838-5BA2E07B86C5/data/Containers/Bundle/Application/6995EB3C-722E-475C-A522-1AB2DFD71E2D/Change%20My%20Mind.app/www/index.html
2015-06-24 18:27:04.699 Change My Mind[22279:972415] DiskCookieStorage changing policy from 2 to 0, cookie file: file:///Users/joshua/Library/Developer/CoreSimulator/Devices/6FB1A616-34D2-4893-8838-5BA2E07B86C5/data/Containers/Data/Application/8F2D0A59-5414-496D-9ABD-0EF1F4860A9A/Library/Cookies/Cookies.binarycookies
2015-06-24 18:27:04.879 Change My Mind[22279:972415] Apache Cordova native platform version 3.8.0 is starting.
2015-06-24 18:27:04.880 Change My Mind[22279:972415] Multi-tasking -> Device: YES, App: YES
2015-06-24 18:27:04.883 Change My Mind[22279:972415] Unlimited access to network resources
2015-06-24 18:27:04.885 Change My Mind[22279:972415] 

Started backup to iCloud! Please be careful.
Your application might be rejected by Apple if you store too much data.
For more information please read "iOS Data Storage Guidelines" at:
https://developer.apple.com/icloud/documentation/data-storage/
To disable web storage backup to iCloud, set the BackupWebStorage preference to "local" in the Cordova config.xml file

2015-06-24 18:27:04.969 Change My Mind[22279:972415] [CDVTimer][file] 1.716971ms
2015-06-24 18:27:04.969 Change My Mind[22279:972415] [CDVTimer][TotalPluginStartup] 1.891971ms
2015-06-24 18:27:05.128 Change My Mind[22279:972415] Resetting plugins due to page load.
2015-06-24 18:27:05.290 Change My Mind[22279:972415] Finished load of: file:///Users/joshua/Library/Developer/CoreSimulator/Devices/6FB1A616-34D2-4893-8838-5BA2E07B86C5/data/Containers/Bundle/Application/C3EDCEB8-5065-4CCE-A743-9D8F5F77DCCD/Change%20My%20Mind.app/www/index.html
2015-06-24 18:27:20.113 Change My Mind[22279:972415] Started recording audio sample 'myrecording.m4a'
2015-06-24 18:27:20.114 Change My Mind[22279:972415] THREAD WARNING: ['Media'] took '1418.913818' ms. Plugin should use a background thread.
2015-06-24 18:27:33.147 Change My Mind[22279:972415] Stopped recording audio sample 'myrecording.m4a'
2015-06-24 18:27:33.152 Change My Mind[22279:972415] Finished recording audio sample 'myrecording.m4a'
2015-06-24 18:27:51.033 Change My Mind[22279:972415] Playing audio sample 'myrecording.m4a'
2015-06-24 18:27:51.042 Change My Mind[22279:972415] THREAD WARNING: ['Media'] took '18.661133' ms. Plugin should use a background thread.
2015-06-24 18:28:04.115 Change My Mind[22279:972415] Finished playing audio sample 'myrecording.m4a'
2015-06-24 18:28:09.159 Change My Mind[22279:972415] Error opening file file:///Users/joshua/Library/Developer/CoreSimulator/Devices/6FB1A616-34D2-4893-8838-5BA2E07B86C5/data/Containers/Data/Application/8F2D0A59-5414-496D-9ABD-0EF1F4860A9A/tmp/: Error Domain=NSCocoaErrorDomain Code=257 "The operation couldn’t be completed. (Cocoa error 257.)" UserInfo=0x7bd62070 {NSFilePath=/Users/joshua/Library/Developer/CoreSimulator/Devices/6FB1A616-34D2-4893-8838-5BA2E07B86C5/data/Containers/Data/Application/8F2D0A59-5414-496D-9ABD-0EF1F4860A9A/tmp, NSUnderlyingError=0x7bd61f20 "The operation couldn’t be completed. Permission denied"}
2015-06-24 18:28:09.160 Change My Mind[22279:972415] FileTransferError {
    code = 1;
    source = "file:///Users/joshua/Library/Developer/CoreSimulator/Devices/6FB1A616-34D2-4893-8838-5BA2E07B86C5/data/Containers/Data/Application/8F2D0A59-5414-496D-9ABD-0EF1F4860A9A/tmp/";
    target = "http://beta.mindful-monkey.com/test/index.php";
}
2015-06-24 18:28:09.160 Change My Mind[22279:972415] THREAD WARNING: ['FileTransfer'] took '15.772949' ms. Plugin should use a background thread.
2015-06-24 18:28:44.493 Change My Mind[22279:972415] Error opening file file:///Users/joshua/Library/Developer/CoreSimulator/Devices/6FB1A616-34D2-4893-8838-5BA2E07B86C5/data/Containers/Data/Application/8F2D0A59-5414-496D-9ABD-0EF1F4860A9A/tmp/: Error Domain=NSCocoaErrorDomain Code=257 "The operation couldn’t be completed. (Cocoa error 257.)" UserInfo=0x7bdf6f20 {NSFilePath=/Users/joshua/Library/Developer/CoreSimulator/Devices/6FB1A616-34D2-4893-8838-5BA2E07B86C5/data/Containers/Data/Application/8F2D0A59-5414-496D-9ABD-0EF1F4860A9A/tmp, NSUnderlyingError=0x7bd5e520 "The operation couldn’t be completed. Permission denied"}
2015-06-24 18:28:44.493 Change My Mind[22279:972415] FileTransferError {
    code = 1;
    source = "file:///Users/joshua/Library/Developer/CoreSimulator/Devices/6FB1A616-34D2-4893-8838-5BA2E07B86C5/data/Containers/Data/Application/8F2D0A59-5414-496D-9ABD-0EF1F4860A9A/tmp/";
    target = "http://beta.mindful-monkey.com/test/index.php";
}
2015-06-24 18:28:44.493 Change My Mind[22279:972415] THREAD WARNING: ['FileTransfer'] took '11.760986' ms. Plugin should use a background thread.
2015-06-24 18:29:43.813 Change My Mind[22279:972415] Error opening file file:///Users/joshua/Library/Developer/CoreSimulator/Devices/6FB1A616-34D2-4893-8838-5BA2E07B86C5/data/Containers/Data/Application/8F2D0A59-5414-496D-9ABD-0EF1F4860A9A/tmp/: Error Domain=NSCocoaErrorDomain Code=257 "The operation couldn’t be completed. (Cocoa error 257.)" UserInfo=0x7b7a9100 {NSFilePath=/Users/joshua/Library/Developer/CoreSimulator/Devices/6FB1A616-34D2-4893-8838-5BA2E07B86C5/data/Containers/Data/Application/8F2D0A59-5414-496D-9ABD-0EF1F4860A9A/tmp, NSUnderlyingError=0x7b7695a0 "The operation couldn’t be completed. Permission denied"}
2015-06-24 18:29:43.813 Change My Mind[22279:972415] FileTransferError {
    code = 1;
    source = "file:///Users/joshua/Library/Developer/CoreSimulator/Devices/6FB1A616-34D2-4893-8838-5BA2E07B86C5/data/Containers/Data/Application/8F2D0A59-5414-496D-9ABD-0EF1F4860A9A/tmp/";
    target = "http://beta.mindful-monkey.com/test/index.php";
}
2015-06-24 18:29:43.814 Change My Mind[22279:972415] THREAD WARNING: ['FileTransfer'] took '11.899170' ms. Plugin should use a background thread.
2015-06-24 18:54:35.425 Change My Mind[23157:993645] DiskCookieStorage changing policy from 2 to 0, cookie file: file:///Users/joshua/Library/Developer/CoreSimulator/Devices/6FB1A616-34D2-4893-8838-5BA2E07B86C5/data/Containers/Data/Application/94EFA6D0-DB2E-4287-977A-21312D1BE98F/Library/Cookies/Cookies.binarycookies
2015-06-24 18:54:35.521 Change My Mind[23157:993645] Apache Cordova native platform version 3.8.0 is starting.
2015-06-24 18:54:35.521 Change My Mind[23157:993645] Multi-tasking -> Device: YES, App: YES
2015-06-24 18:54:35.523 Change My Mind[23157:993645] Unlimited access to network resources
2015-06-24 18:54:35.621 Change My Mind[23157:993645] [CDVTimer][file] 1.576006ms
2015-06-24 18:54:35.621 Change My Mind[23157:993645] [CDVTimer][TotalPluginStartup] 1.890004ms
2015-06-24 18:54:35.679 Change My Mind[23157:993645] Resetting plugins due to page load.
2015-06-24 18:54:35.844 Change My Mind[23157:993645] Finished load of: file:///Users/joshua/Library/Developer/CoreSimulator/Devices/6FB1A616-34D2-4893-8838-5BA2E07B86C5/data/Containers/Bundle/Application/54111435-C510-4DEF-AA52-E851CB59C06C/Change%20My%20Mind.app/www/index.html
2015-06-24 18:54:42.044 Change My Mind[23157:993645] Started recording audio sample 'myrecording.m4a'
2015-06-24 18:54:42.045 Change My Mind[23157:993645] THREAD WARNING: ['Media'] took '111.437012' ms. Plugin should use a background thread.
2015-06-24 18:56:13.409 Change My Mind[23157:993645] Stopped recording audio sample 'myrecording.m4a'
2015-06-24 18:56:13.412 Change My Mind[23157:993645] Finished recording audio sample 'myrecording.m4a'
2015-06-24 18:56:27.664 Change My Mind[23157:993656] File Transfer Finished with response code 200
2015-06-24 19:02:41.576 Change My Mind[23157:1000638] File Transfer Finished with response code 200
2015-06-24 19:03:03.669 Change My Mind[23157:1000171] File Transfer Finished with response code 200
2015-06-24 19:03:44.549 Change My Mind[23157:1001213] File Transfer Finished with response code 200
2015-06-24 19:09:06.918 Change My Mind[23157:1006829] File Transfer Finished with response code 200
2015-06-24 19:09:30.349 Change My Mind[23157:1005139] File Transfer Finished with response code 200
2015-06-24 19:11:26.706 Change My Mind[23157:993645] Playing audio sample 'myrecording.m4a'
2015-06-24 19:11:26.714 Change My Mind[23157:993645] THREAD WARNING: ['Media'] took '15.245850' ms. Plugin should use a background thread.
2015-06-24 19:12:11.240 Change My Mind[23157:1006829] File Transfer Finished with response code 200
2015-06-24 19:12:58.115 Change My Mind[23157:993645] Finished playing audio sample 'myrecording.m4a'
